\BOOKMARK [0][-]{chapter*.1}{\315ndice general}{}% 1
\BOOKMARK [0][-]{chapter*.2}{\315ndice de tablas}{}% 2
\BOOKMARK [0][-]{chapter*.3}{\315ndice de figuras}{}% 3
\BOOKMARK [0][-]{chapter.1}{Introducci\363n}{}% 4
\BOOKMARK [1][-]{section.1.1}{Objetivos}{chapter.1}% 5
\BOOKMARK [1][-]{section.1.2}{Contexto: Seguridad inform\341tica}{chapter.1}% 6
\BOOKMARK [2][-]{subsection.1.2.1}{\277Qu\351 es el riesgo?}{section.1.2}% 7
\BOOKMARK [1][-]{section.1.3}{Alcance}{chapter.1}% 8
\BOOKMARK [1][-]{section.1.4}{Visi\363n global}{chapter.1}% 9
\BOOKMARK [0][-]{chapter.2}{Estado del arte}{}% 10
\BOOKMARK [1][-]{section.2.1}{Lookwise}{chapter.2}% 11
\BOOKMARK [2][-]{subsection.2.1.1}{Caracter\355sticas}{section.2.1}% 12
\BOOKMARK [2][-]{subsection.2.1.2}{An\341lisis de la herramienta}{section.2.1}% 13
\BOOKMARK [1][-]{section.2.2}{ELK Stack}{chapter.2}% 14
\BOOKMARK [2][-]{subsection.2.2.1}{Elasticsearch}{section.2.2}% 15
\BOOKMARK [2][-]{subsection.2.2.2}{Logstash}{section.2.2}% 16
\BOOKMARK [2][-]{subsection.2.2.3}{Kibana}{section.2.2}% 17
\BOOKMARK [2][-]{subsection.2.2.4}{An\341lisis de la herramienta}{section.2.2}% 18
\BOOKMARK [1][-]{section.2.3}{SIEM}{chapter.2}% 19
\BOOKMARK [2][-]{subsection.2.3.1}{Principales caracter\355sticas}{section.2.3}% 20
\BOOKMARK [2][-]{subsection.2.3.2}{An\341lisis}{section.2.3}% 21
\BOOKMARK [1][-]{section.2.4}{Soluci\363n tecnol\363gica de mi proyecto}{chapter.2}% 22
\BOOKMARK [1][-]{section.2.5}{Tecnolog\355as implementadas}{chapter.2}% 23
\BOOKMARK [0][-]{chapter.3}{Especificaci\363n y an\341lisis de requisitos}{}% 24
\BOOKMARK [0][-]{chapter.4}{Dise\361o}{}% 25
\BOOKMARK [0][-]{chapter.5}{Implementaci\363n}{}% 26
\BOOKMARK [0][-]{chapter.6}{Evaluaci\363n}{}% 27
\BOOKMARK [0][-]{chapter.7}{Planificaci\363n y estimaci\363n de costes}{}% 28
\BOOKMARK [1][-]{section.7.1}{Software utilizado}{chapter.7}% 29
\BOOKMARK [1][-]{section.7.2}{Licencia}{chapter.7}% 30
